Time	Cycle	PC	Insn	Decoded instruction	Register and memory contents
             20	         6	00100080	2c60006f	jal	x0,100346	  x0=0x00000000
             26	         9	00100346	00000093	addi	x1,x0,0	  x0:0x00000000  x1=0x00000000
             28	        10	0010034a	8106	c.mv	x2,x1	  x0:0x00000000  x1:0x00000000  x2=0x00000000
             30	        11	0010034c	8186	c.mv	x3,x1	  x0:0x00000000  x1:0x00000000  x3=0x00000000
             32	        12	0010034e	8206	c.mv	x4,x1	  x0:0x00000000  x1:0x00000000  x4=0x00000000
             34	        13	00100350	8286	c.mv	x5,x1	  x0:0x00000000  x1:0x00000000  x5=0x00000000
             36	        14	00100352	8306	c.mv	x6,x1	  x0:0x00000000  x1:0x00000000  x6=0x00000000
             38	        15	00100354	8386	c.mv	x7,x1	  x0:0x00000000  x1:0x00000000  x7=0x00000000
             40	        16	00100356	8406	c.mv	x8,x1	  x0:0x00000000  x1:0x00000000  x8=0x00000000
             42	        17	00100358	8486	c.mv	x9,x1	  x0:0x00000000  x1:0x00000000  x9=0x00000000
             44	        18	0010035a	8506	c.mv	x10,x1	  x0:0x00000000  x1:0x00000000 x10=0x00000000
             46	        19	0010035c	8586	c.mv	x11,x1	  x0:0x00000000  x1:0x00000000 x11=0x00000000
             48	        20	0010035e	8606	c.mv	x12,x1	  x0:0x00000000  x1:0x00000000 x12=0x00000000
             50	        21	00100360	8686	c.mv	x13,x1	  x0:0x00000000  x1:0x00000000 x13=0x00000000
             52	        22	00100362	8706	c.mv	x14,x1	  x0:0x00000000  x1:0x00000000 x14=0x00000000
             54	        23	00100364	8786	c.mv	x15,x1	  x0:0x00000000  x1:0x00000000 x15=0x00000000
             56	        24	00100366	8806	c.mv	x16,x1	  x0:0x00000000  x1:0x00000000 x16=0x00000000
             58	        25	00100368	8886	c.mv	x17,x1	  x0:0x00000000  x1:0x00000000 x17=0x00000000
             60	        26	0010036a	8906	c.mv	x18,x1	  x0:0x00000000  x1:0x00000000 x18=0x00000000
             62	        27	0010036c	8986	c.mv	x19,x1	  x0:0x00000000  x1:0x00000000 x19=0x00000000
             64	        28	0010036e	8a06	c.mv	x20,x1	  x0:0x00000000  x1:0x00000000 x20=0x00000000
             66	        29	00100370	8a86	c.mv	x21,x1	  x0:0x00000000  x1:0x00000000 x21=0x00000000
             68	        30	00100372	8b06	c.mv	x22,x1	  x0:0x00000000  x1:0x00000000 x22=0x00000000
             70	        31	00100374	8b86	c.mv	x23,x1	  x0:0x00000000  x1:0x00000000 x23=0x00000000
             72	        32	00100376	8c06	c.mv	x24,x1	  x0:0x00000000  x1:0x00000000 x24=0x00000000
             74	        33	00100378	8c86	c.mv	x25,x1	  x0:0x00000000  x1:0x00000000 x25=0x00000000
             76	        34	0010037a	8d06	c.mv	x26,x1	  x0:0x00000000  x1:0x00000000 x26=0x00000000
             78	        35	0010037c	8d86	c.mv	x27,x1	  x0:0x00000000  x1:0x00000000 x27=0x00000000
             80	        36	0010037e	8e06	c.mv	x28,x1	  x0:0x00000000  x1:0x00000000 x28=0x00000000
             82	        37	00100380	8e86	c.mv	x29,x1	  x0:0x00000000  x1:0x00000000 x29=0x00000000
             84	        38	00100382	8f06	c.mv	x30,x1	  x0:0x00000000  x1:0x00000000 x30=0x00000000
             86	        39	00100384	8f86	c.mv	x31,x1	  x0:0x00000000  x1:0x00000000 x31=0x00000000
             88	        40	00100386	00038117	auipc	x2,0x38	  x2=0x00138386
             90	        41	0010038a	c7a10113	addi	x2,x2,-902	  x2:0x00138386  x2=0x00138000
             92	        42	0010038e	00000d17	auipc	x26,0x0	 x26=0x0010038e
             94	        43	00100392	10ad0d13	addi	x26,x26,266	 x26:0x0010038e x26=0x00100498
             96	        44	00100396	00000d97	auipc	x27,0x0	 x27=0x00100396
             98	        45	0010039a	112d8d93	addi	x27,x27,274	 x27:0x00100396 x27=0x001004a8
            100	        46	0010039e	01bd5763	bge	x26,x27,1003ac	 x26:0x00100498 x27:0x001004a8
            102	        47	001003a2	000d2023	sw	x0,0(x26)	 x26:0x00100498  x0:0x00000000 PA:0x00100498 store:0x00000000
            104	        48	001003a6	0d11	c.addi	x26,4	 x26:0x00100498 x26=0x0010049c
            106	        49	001003a8	ffaddde3	bge	x27,x26,1003a2	 x27:0x001004a8 x26:0x0010049c
            112	        52	001003a2	000d2023	sw	x0,0(x26)	 x26:0x0010049c  x0:0x00000000 PA:0x0010049c store:0x00000000
            114	        53	001003a6	0d11	c.addi	x26,4	 x26:0x0010049c x26=0x001004a0
            116	        54	001003a8	ffaddde3	bge	x27,x26,1003a2	 x27:0x001004a8 x26:0x001004a0
            122	        57	001003a2	000d2023	sw	x0,0(x26)	 x26:0x001004a0  x0:0x00000000 PA:0x001004a0 store:0x00000000
            124	        58	001003a6	0d11	c.addi	x26,4	 x26:0x001004a0 x26=0x001004a4
            126	        59	001003a8	ffaddde3	bge	x27,x26,1003a2	 x27:0x001004a8 x26:0x001004a4
            132	        62	001003a2	000d2023	sw	x0,0(x26)	 x26:0x001004a4  x0:0x00000000 PA:0x001004a4 store:0x00000000
            134	        63	001003a6	0d11	c.addi	x26,4	 x26:0x001004a4 x26=0x001004a8
            136	        64	001003a8	ffaddde3	bge	x27,x26,1003a2	 x27:0x001004a8 x26:0x001004a8
            142	        67	001003a2	000d2023	sw	x0,0(x26)	 x26:0x001004a8  x0:0x00000000 PA:0x001004a8 store:0x00000000
            144	        68	001003a6	0d11	c.addi	x26,4	 x26:0x001004a8 x26=0x001004ac
            146	        69	001003a8	ffaddde3	bge	x27,x26,1003a2	 x27:0x001004a8 x26:0x001004ac
            148	        70	001003ac	4501	c.li	x10,0	 x10=0x00000000
            150	        71	001003ae	4581	c.li	x11,0	 x11=0x00000000
            152	        72	001003b0	016000ef	jal	x1,1003c6	  x1=0x001003b4
            156	        74	001003c6	1101	c.addi	x2,-32	  x2:0x00138000  x2=0x00137fe0
            158	        75	001003c8	ce06	c.swsp	x1,28(x2)	  x2:0x00137fe0  x1:0x001003b4 PA:0x00137ffc store:0x001003b4
            160	        76	001003ca	cc22	c.swsp	x8,24(x2)	  x2:0x00137fe0  x8:0x00000000 PA:0x00137ff8 store:0x00000000
            162	        77	001003cc	57fd	c.li	x15,-1	 x15=0xffffffff
            164	        78	001003ce	32079073	csrrw	x0,mcountinhibit,x15	 x15:0xffffffff  x0=0x00000000
            170	        81	001003d2	3301	c.jal	1000d2	  x1=0x001003d4
            176	        84	001000d2	b0201073	csrrw	x0,minstret,x0	  x0:0x00000000  x0=0x00000000
            182	        87	001000d6	b0001073	csrrw	x0,mcycle,x0	  x0:0x00000000  x0=0x00000000
            188	        90	001000da	b0301073	csrrw	x0,mhpmcounter3,x0	  x0:0x00000000  x0=0x00000000
            194	        93	001000de	b0401073	csrrw	x0,mhpmcounter4,x0	  x0:0x00000000  x0=0x00000000
            200	        96	001000e2	b0501073	csrrw	x0,mhpmcounter5,x0	  x0:0x00000000  x0=0x00000000
            206	        99	001000e6	b0601073	csrrw	x0,mhpmcounter6,x0	  x0:0x00000000  x0=0x00000000
            212	       102	001000ea	b0701073	csrrw	x0,mhpmcounter7,x0	  x0:0x00000000  x0=0x00000000
            218	       105	001000ee	b0801073	csrrw	x0,mhpmcounter8,x0	  x0:0x00000000  x0=0x00000000
            224	       108	001000f2	b0901073	csrrw	x0,mhpmcounter9,x0	  x0:0x00000000  x0=0x00000000
            230	       111	001000f6	b0a01073	csrrw	x0,mhpmcounter10,x0	  x0:0x00000000  x0=0x00000000
            236	       114	001000fa	b0b01073	csrrw	x0,mhpmcounter11,x0	  x0:0x00000000  x0=0x00000000
            242	       117	001000fe	b0c01073	csrrw	x0,mhpmcounter12,x0	  x0:0x00000000  x0=0x00000000
            248	       120	00100102	b0d01073	csrrw	x0,mhpmcounter13,x0	  x0:0x00000000  x0=0x00000000
            254	       123	00100106	b0e01073	csrrw	x0,mhpmcounter14,x0	  x0:0x00000000  x0=0x00000000
            260	       126	0010010a	b0f01073	csrrw	x0,mhpmcounter15,x0	  x0:0x00000000  x0=0x00000000
            266	       129	0010010e	b1001073	csrrw	x0,mhpmcounter16,x0	  x0:0x00000000  x0=0x00000000
            272	       132	00100112	b1101073	csrrw	x0,mhpmcounter17,x0	  x0:0x00000000  x0=0x00000000
            278	       135	00100116	b1201073	csrrw	x0,mhpmcounter18,x0	  x0:0x00000000  x0=0x00000000
            284	       138	0010011a	b1301073	csrrw	x0,mhpmcounter19,x0	  x0:0x00000000  x0=0x00000000
            290	       141	0010011e	b1401073	csrrw	x0,mhpmcounter20,x0	  x0:0x00000000  x0=0x00000000
            296	       144	00100122	b1501073	csrrw	x0,mhpmcounter21,x0	  x0:0x00000000  x0=0x00000000
            302	       147	00100126	b1601073	csrrw	x0,mhpmcounter22,x0	  x0:0x00000000  x0=0x00000000
            308	       150	0010012a	b1701073	csrrw	x0,mhpmcounter23,x0	  x0:0x00000000  x0=0x00000000
            314	       153	0010012e	b1801073	csrrw	x0,mhpmcounter24,x0	  x0:0x00000000  x0=0x00000000
            320	       156	00100132	b1901073	csrrw	x0,mhpmcounter25,x0	  x0:0x00000000  x0=0x00000000
            326	       159	00100136	b1a01073	csrrw	x0,mhpmcounter26,x0	  x0:0x00000000  x0=0x00000000
            332	       162	0010013a	b1b01073	csrrw	x0,mhpmcounter27,x0	  x0:0x00000000  x0=0x00000000
            338	       165	0010013e	b1c01073	csrrw	x0,mhpmcounter28,x0	  x0:0x00000000  x0=0x00000000
            344	       168	00100142	b1d01073	csrrw	x0,mhpmcounter29,x0	  x0:0x00000000  x0=0x00000000
            350	       171	00100146	b1e01073	csrrw	x0,mhpmcounter30,x0	  x0:0x00000000  x0=0x00000000
            356	       174	0010014a	b1f01073	csrrw	x0,mhpmcounter31,x0	  x0:0x00000000  x0=0x00000000
            362	       177	0010014e	b8201073	csrrw	x0,minstreth,x0	  x0:0x00000000  x0=0x00000000
            368	       180	00100152	b8001073	csrrw	x0,mcycleh,x0	  x0:0x00000000  x0=0x00000000
            374	       183	00100156	b8301073	csrrw	x0,mhpmcounter3h,x0	  x0:0x00000000  x0=0x00000000
            380	       186	0010015a	b8401073	csrrw	x0,mhpmcounter4h,x0	  x0:0x00000000  x0=0x00000000
            386	       189	0010015e	b8501073	csrrw	x0,mhpmcounter5h,x0	  x0:0x00000000  x0=0x00000000
            392	       192	00100162	b8601073	csrrw	x0,mhpmcounter6h,x0	  x0:0x00000000  x0=0x00000000
            398	       195	00100166	b8701073	csrrw	x0,mhpmcounter7h,x0	  x0:0x00000000  x0=0x00000000
            404	       198	0010016a	b8801073	csrrw	x0,mhpmcounter8h,x0	  x0:0x00000000  x0=0x00000000
            410	       201	0010016e	b8901073	csrrw	x0,mhpmcounter9h,x0	  x0:0x00000000  x0=0x00000000
            416	       204	00100172	b8a01073	csrrw	x0,mhpmcounter10h,x0	  x0:0x00000000  x0=0x00000000
            422	       207	00100176	b8b01073	csrrw	x0,mhpmcounter11h,x0	  x0:0x00000000  x0=0x00000000
            428	       210	0010017a	b8c01073	csrrw	x0,mhpmcounter12h,x0	  x0:0x00000000  x0=0x00000000
            434	       213	0010017e	b8d01073	csrrw	x0,mhpmcounter13h,x0	  x0:0x00000000  x0=0x00000000
            440	       216	00100182	b8e01073	csrrw	x0,mhpmcounter14h,x0	  x0:0x00000000  x0=0x00000000
            446	       219	00100186	b8f01073	csrrw	x0,mhpmcounter15h,x0	  x0:0x00000000  x0=0x00000000
            452	       222	0010018a	b9001073	csrrw	x0,mhpmcounter16h,x0	  x0:0x00000000  x0=0x00000000
            458	       225	0010018e	b9101073	csrrw	x0,mhpmcounter17h,x0	  x0:0x00000000  x0=0x00000000
            464	       228	00100192	b9201073	csrrw	x0,mhpmcounter18h,x0	  x0:0x00000000  x0=0x00000000
            470	       231	00100196	b9301073	csrrw	x0,mhpmcounter19h,x0	  x0:0x00000000  x0=0x00000000
            476	       234	0010019a	b9401073	csrrw	x0,mhpmcounter20h,x0	  x0:0x00000000  x0=0x00000000
            482	       237	0010019e	b9501073	csrrw	x0,mhpmcounter21h,x0	  x0:0x00000000  x0=0x00000000
            488	       240	001001a2	b9601073	csrrw	x0,mhpmcounter22h,x0	  x0:0x00000000  x0=0x00000000
            494	       243	001001a6	b9701073	csrrw	x0,mhpmcounter23h,x0	  x0:0x00000000  x0=0x00000000
            500	       246	001001aa	b9801073	csrrw	x0,mhpmcounter24h,x0	  x0:0x00000000  x0=0x00000000
            506	       249	001001ae	b9901073	csrrw	x0,mhpmcounter25h,x0	  x0:0x00000000  x0=0x00000000
            512	       252	001001b2	b9a01073	csrrw	x0,mhpmcounter26h,x0	  x0:0x00000000  x0=0x00000000
            518	       255	001001b6	b9b01073	csrrw	x0,mhpmcounter27h,x0	  x0:0x00000000  x0=0x00000000
            524	       258	001001ba	b9c01073	csrrw	x0,mhpmcounter28h,x0	  x0:0x00000000  x0=0x00000000
            530	       261	001001be	b9d01073	csrrw	x0,mhpmcounter29h,x0	  x0:0x00000000  x0=0x00000000
            536	       264	001001c2	b9e01073	csrrw	x0,mhpmcounter30h,x0	  x0:0x00000000  x0=0x00000000
            542	       267	001001c6	b9f01073	csrrw	x0,mhpmcounter31h,x0	  x0:0x00000000  x0=0x00000000
            548	       270	001001ca	8082	c.jr	x1	  x1:0x001003d4
            552	       272	001003d4	4781	c.li	x15,0	 x15=0x00000000
            554	       273	001003d6	32079073	csrrw	x0,mcountinhibit,x15	 x15:0x00000000  x0=0x00000000
            560	       276	001003da	47a9	c.li	x15,10	 x15=0x0000000a
            562	       277	001003dc	c43e	c.swsp	x15,8(x2)	  x2:0x00137fe0 x15:0x0000000a PA:0x00137fe8 store:0x0000000a
            564	       278	001003de	47d1	c.li	x15,20	 x15=0x00000014
            566	       279	001003e0	c63e	c.swsp	x15,12(x2)	  x2:0x00137fe0 x15:0x00000014 PA:0x00137fec store:0x00000014
            568	       280	001003e2	4422	c.lwsp	x8,8(x2)	  x2:0x00137fe0  x8=0x0000000a PA:0x00137fe8 load:0x0000000a
            570	       281	001003e4	47b2	c.lwsp	x15,12(x2)	  x2:0x00137fe0 x15=0x00000014 PA:0x00137fec load:0x00000014
            572	       282	001003e6	00000517	auipc	x10,0x0	 x10=0x001003e6
            574	       283	001003ea	08a50513	addi	x10,x10,138	 x10:0x001003e6 x10=0x00100470
            576	       284	001003ee	943e	c.add	x8,x15	  x8:0x0000000a x15:0x00000014  x8=0x0000001e
            578	       285	001003f0	3145	c.jal	100090	  x1=0x001003f2
            582	       287	00100090	00020737	lui	x14,0x20	 x14=0x00020000
            584	       288	00100094	00054783	lbu	x15,0(x10)	 x10:0x00100470 x15=0x00000041 PA:0x00100470 load:0x00000041
            588	       290	00100098	e399	c.bnez	x15,10009e	 x15:0x00000041
            592	       292	0010009e	0505	c.addi	x10,1	 x10:0x00100470 x10=0x00100471
            594	       293	001000a0	c31c	c.sw	x15,0(x14)	 x14:0x00020000 x15:0x00000041 PA:0x00020000 store:0x00000041
            596	       294	001000a2	bfcd	c.j	100094	
            600	       296	00100094	00054783	lbu	x15,0(x10)	 x10:0x00100471 x15=0x00000044 PA:0x00100471 load:0x00000044
            604	       298	00100098	e399	c.bnez	x15,10009e	 x15:0x00000044
            608	       300	0010009e	0505	c.addi	x10,1	 x10:0x00100471 x10=0x00100472
            610	       301	001000a0	c31c	c.sw	x15,0(x14)	 x14:0x00020000 x15:0x00000044 PA:0x00020000 store:0x00000044
            612	       302	001000a2	bfcd	c.j	100094	
            616	       304	00100094	00054783	lbu	x15,0(x10)	 x10:0x00100472 x15=0x00000044 PA:0x00100472 load:0x00000044
            620	       306	00100098	e399	c.bnez	x15,10009e	 x15:0x00000044
            624	       308	0010009e	0505	c.addi	x10,1	 x10:0x00100472 x10=0x00100473
            626	       309	001000a0	c31c	c.sw	x15,0(x14)	 x14:0x00020000 x15:0x00000044 PA:0x00020000 store:0x00000044
            628	       310	001000a2	bfcd	c.j	100094	
            632	       312	00100094	00054783	lbu	x15,0(x10)	 x10:0x00100473 x15=0x00000020 PA:0x00100473 load:0x00000020
            636	       314	00100098	e399	c.bnez	x15,10009e	 x15:0x00000020
            640	       316	0010009e	0505	c.addi	x10,1	 x10:0x00100473 x10=0x00100474
            642	       317	001000a0	c31c	c.sw	x15,0(x14)	 x14:0x00020000 x15:0x00000020 PA:0x00020000 store:0x00000020
            644	       318	001000a2	bfcd	c.j	100094	
            648	       320	00100094	00054783	lbu	x15,0(x10)	 x10:0x00100474 x15=0x00000074 PA:0x00100474 load:0x00000074
            652	       322	00100098	e399	c.bnez	x15,10009e	 x15:0x00000074
            656	       324	0010009e	0505	c.addi	x10,1	 x10:0x00100474 x10=0x00100475
            658	       325	001000a0	c31c	c.sw	x15,0(x14)	 x14:0x00020000 x15:0x00000074 PA:0x00020000 store:0x00000074
            660	       326	001000a2	bfcd	c.j	100094	
            664	       328	00100094	00054783	lbu	x15,0(x10)	 x10:0x00100475 x15=0x00000065 PA:0x00100475 load:0x00000065
            668	       330	00100098	e399	c.bnez	x15,10009e	 x15:0x00000065
            672	       332	0010009e	0505	c.addi	x10,1	 x10:0x00100475 x10=0x00100476
            674	       333	001000a0	c31c	c.sw	x15,0(x14)	 x14:0x00020000 x15:0x00000065 PA:0x00020000 store:0x00000065
            676	       334	001000a2	bfcd	c.j	100094	
            680	       336	00100094	00054783	lbu	x15,0(x10)	 x10:0x00100476 x15=0x00000073 PA:0x00100476 load:0x00000073
            684	       338	00100098	e399	c.bnez	x15,10009e	 x15:0x00000073
            688	       340	0010009e	0505	c.addi	x10,1	 x10:0x00100476 x10=0x00100477
            690	       341	001000a0	c31c	c.sw	x15,0(x14)	 x14:0x00020000 x15:0x00000073 PA:0x00020000 store:0x00000073
            692	       342	001000a2	bfcd	c.j	100094	
            696	       344	00100094	00054783	lbu	x15,0(x10)	 x10:0x00100477 x15=0x00000074 PA:0x00100477 load:0x00000074
            700	       346	00100098	e399	c.bnez	x15,10009e	 x15:0x00000074
            704	       348	0010009e	0505	c.addi	x10,1	 x10:0x00100477 x10=0x00100478
            706	       349	001000a0	c31c	c.sw	x15,0(x14)	 x14:0x00020000 x15:0x00000074 PA:0x00020000 store:0x00000074
            708	       350	001000a2	bfcd	c.j	100094	
            712	       352	00100094	00054783	lbu	x15,0(x10)	 x10:0x00100478 x15=0x0000000a PA:0x00100478 load:0x0000000a
            716	       354	00100098	e399	c.bnez	x15,10009e	 x15:0x0000000a
            720	       356	0010009e	0505	c.addi	x10,1	 x10:0x00100478 x10=0x00100479
            722	       357	001000a0	c31c	c.sw	x15,0(x14)	 x14:0x00020000 x15:0x0000000a PA:0x00020000 store:0x0000000a
            724	       358	001000a2	bfcd	c.j	100094	
            728	       360	00100094	00054783	lbu	x15,0(x10)	 x10:0x00100479 x15=0x00000000 PA:0x00100479 load:0x00000000
            732	       362	00100098	e399	c.bnez	x15,10009e	 x15:0x00000000
            734	       363	0010009a	4501	c.li	x10,0	 x10=0x00000000
            736	       364	0010009c	8082	c.jr	x1	  x1:0x001003f2
            742	       367	001003f2	00000517	auipc	x10,0x0	 x10=0x001003f2
            744	       368	001003f6	08a50513	addi	x10,x10,138	 x10:0x001003f2 x10=0x0010047c
            746	       369	001003fa	3959	c.jal	100090	  x1=0x001003fc
            750	       371	00100090	00020737	lui	x14,0x20	 x14=0x00020000
            752	       372	00100094	00054783	lbu	x15,0(x10)	 x10:0x0010047c x15=0x00000031 PA:0x0010047c load:0x00000031
            756	       374	00100098	e399	c.bnez	x15,10009e	 x15:0x00000031
            760	       376	0010009e	0505	c.addi	x10,1	 x10:0x0010047c x10=0x0010047d
            762	       377	001000a0	c31c	c.sw	x15,0(x14)	 x14:0x00020000 x15:0x00000031 PA:0x00020000 store:0x00000031
            764	       378	001000a2	bfcd	c.j	100094	
            768	       380	00100094	00054783	lbu	x15,0(x10)	 x10:0x0010047d x15=0x00000030 PA:0x0010047d load:0x00000030
            772	       382	00100098	e399	c.bnez	x15,10009e	 x15:0x00000030
            776	       384	0010009e	0505	c.addi	x10,1	 x10:0x0010047d x10=0x0010047e
            778	       385	001000a0	c31c	c.sw	x15,0(x14)	 x14:0x00020000 x15:0x00000030 PA:0x00020000 store:0x00000030
            780	       386	001000a2	bfcd	c.j	100094	
            784	       388	00100094	00054783	lbu	x15,0(x10)	 x10:0x0010047e x15=0x00000020 PA:0x0010047e load:0x00000020
            788	       390	00100098	e399	c.bnez	x15,10009e	 x15:0x00000020
            792	       392	0010009e	0505	c.addi	x10,1	 x10:0x0010047e x10=0x0010047f
            794	       393	001000a0	c31c	c.sw	x15,0(x14)	 x14:0x00020000 x15:0x00000020 PA:0x00020000 store:0x00000020
            796	       394	001000a2	bfcd	c.j	100094	
            800	       396	00100094	00054783	lbu	x15,0(x10)	 x10:0x0010047f x15=0x0000002b PA:0x0010047f load:0x0000002b
            804	       398	00100098	e399	c.bnez	x15,10009e	 x15:0x0000002b
            808	       400	0010009e	0505	c.addi	x10,1	 x10:0x0010047f x10=0x00100480
            810	       401	001000a0	c31c	c.sw	x15,0(x14)	 x14:0x00020000 x15:0x0000002b PA:0x00020000 store:0x0000002b
            812	       402	001000a2	bfcd	c.j	100094	
            816	       404	00100094	00054783	lbu	x15,0(x10)	 x10:0x00100480 x15=0x00000020 PA:0x00100480 load:0x00000020
            820	       406	00100098	e399	c.bnez	x15,10009e	 x15:0x00000020
            824	       408	0010009e	0505	c.addi	x10,1	 x10:0x00100480 x10=0x00100481
            826	       409	001000a0	c31c	c.sw	x15,0(x14)	 x14:0x00020000 x15:0x00000020 PA:0x00020000 store:0x00000020
            828	       410	001000a2	bfcd	c.j	100094	
            832	       412	00100094	00054783	lbu	x15,0(x10)	 x10:0x00100481 x15=0x00000032 PA:0x00100481 load:0x00000032
            836	       414	00100098	e399	c.bnez	x15,10009e	 x15:0x00000032
            840	       416	0010009e	0505	c.addi	x10,1	 x10:0x00100481 x10=0x00100482
            842	       417	001000a0	c31c	c.sw	x15,0(x14)	 x14:0x00020000 x15:0x00000032 PA:0x00020000 store:0x00000032
            844	       418	001000a2	bfcd	c.j	100094	
            848	       420	00100094	00054783	lbu	x15,0(x10)	 x10:0x00100482 x15=0x00000030 PA:0x00100482 load:0x00000030
            852	       422	00100098	e399	c.bnez	x15,10009e	 x15:0x00000030
            856	       424	0010009e	0505	c.addi	x10,1	 x10:0x00100482 x10=0x00100483
            858	       425	001000a0	c31c	c.sw	x15,0(x14)	 x14:0x00020000 x15:0x00000030 PA:0x00020000 store:0x00000030
            860	       426	001000a2	bfcd	c.j	100094	
            864	       428	00100094	00054783	lbu	x15,0(x10)	 x10:0x00100483 x15=0x00000020 PA:0x00100483 load:0x00000020
            868	       430	00100098	e399	c.bnez	x15,10009e	 x15:0x00000020
            872	       432	0010009e	0505	c.addi	x10,1	 x10:0x00100483 x10=0x00100484
            874	       433	001000a0	c31c	c.sw	x15,0(x14)	 x14:0x00020000 x15:0x00000020 PA:0x00020000 store:0x00000020
            876	       434	001000a2	bfcd	c.j	100094	
            880	       436	00100094	00054783	lbu	x15,0(x10)	 x10:0x00100484 x15=0x0000003d PA:0x00100484 load:0x0000003d
            884	       438	00100098	e399	c.bnez	x15,10009e	 x15:0x0000003d
            888	       440	0010009e	0505	c.addi	x10,1	 x10:0x00100484 x10=0x00100485
            890	       441	001000a0	c31c	c.sw	x15,0(x14)	 x14:0x00020000 x15:0x0000003d PA:0x00020000 store:0x0000003d
            892	       442	001000a2	bfcd	c.j	100094	
            896	       444	00100094	00054783	lbu	x15,0(x10)	 x10:0x00100485 x15=0x00000020 PA:0x00100485 load:0x00000020
            900	       446	00100098	e399	c.bnez	x15,10009e	 x15:0x00000020
            904	       448	0010009e	0505	c.addi	x10,1	 x10:0x00100485 x10=0x00100486
            906	       449	001000a0	c31c	c.sw	x15,0(x14)	 x14:0x00020000 x15:0x00000020 PA:0x00020000 store:0x00000020
            908	       450	001000a2	bfcd	c.j	100094	
            912	       452	00100094	00054783	lbu	x15,0(x10)	 x10:0x00100486 x15=0x00000000 PA:0x00100486 load:0x00000000
            916	       454	00100098	e399	c.bnez	x15,10009e	 x15:0x00000000
            918	       455	0010009a	4501	c.li	x10,0	 x10=0x00000000
            920	       456	0010009c	8082	c.jr	x1	  x1:0x001003fc
            924	       458	001003fc	8522	c.mv	x10,x8	  x0:0x00000000  x8:0x0000001e x10=0x0000001e
            926	       459	001003fe	315d	c.jal	1000a4	  x1=0x00100400
            930	       461	001000a4	4721	c.li	x14,8	 x14=0x00000008
            932	       462	001000a6	4625	c.li	x12,9	 x12=0x00000009
            934	       463	001000a8	000206b7	lui	x13,0x20	 x13=0x00020000
            936	       464	001000ac	01c55793	srli	x15,x10,0x1c	 x10:0x0000001e x15=0x00000000
            938	       465	001000b0	00f66963	bltu	x12,x15,1000c2	 x12:0x00000009 x15:0x00000000
            940	       466	001000b4	03078793	addi	x15,x15,48	 x15:0x00000000 x15=0x00000030
            942	       467	001000b8	c29c	c.sw	x15,0(x13)	 x13:0x00020000 x15:0x00000030 PA:0x00020000 store:0x00000030
            944	       468	001000ba	177d	c.addi	x14,-1	 x14:0x00000008 x14=0x00000007
            946	       469	001000bc	0512	c.slli	x10,0x4	 x10:0x0000001e x10=0x000001e0
            948	       470	001000be	f77d	c.bnez	x14,1000ac	 x14:0x00000007
            952	       472	001000ac	01c55793	srli	x15,x10,0x1c	 x10:0x000001e0 x15=0x00000000
            954	       473	001000b0	00f66963	bltu	x12,x15,1000c2	 x12:0x00000009 x15:0x00000000
            956	       474	001000b4	03078793	addi	x15,x15,48	 x15:0x00000000 x15=0x00000030
            958	       475	001000b8	c29c	c.sw	x15,0(x13)	 x13:0x00020000 x15:0x00000030 PA:0x00020000 store:0x00000030
            960	       476	001000ba	177d	c.addi	x14,-1	 x14:0x00000007 x14=0x00000006
            962	       477	001000bc	0512	c.slli	x10,0x4	 x10:0x000001e0 x10=0x00001e00
            964	       478	001000be	f77d	c.bnez	x14,1000ac	 x14:0x00000006
            968	       480	001000ac	01c55793	srli	x15,x10,0x1c	 x10:0x00001e00 x15=0x00000000
            970	       481	001000b0	00f66963	bltu	x12,x15,1000c2	 x12:0x00000009 x15:0x00000000
            972	       482	001000b4	03078793	addi	x15,x15,48	 x15:0x00000000 x15=0x00000030
            974	       483	001000b8	c29c	c.sw	x15,0(x13)	 x13:0x00020000 x15:0x00000030 PA:0x00020000 store:0x00000030
            976	       484	001000ba	177d	c.addi	x14,-1	 x14:0x00000006 x14=0x00000005
            978	       485	001000bc	0512	c.slli	x10,0x4	 x10:0x00001e00 x10=0x0001e000
            980	       486	001000be	f77d	c.bnez	x14,1000ac	 x14:0x00000005
            984	       488	001000ac	01c55793	srli	x15,x10,0x1c	 x10:0x0001e000 x15=0x00000000
            986	       489	001000b0	00f66963	bltu	x12,x15,1000c2	 x12:0x00000009 x15:0x00000000
            988	       490	001000b4	03078793	addi	x15,x15,48	 x15:0x00000000 x15=0x00000030
            990	       491	001000b8	c29c	c.sw	x15,0(x13)	 x13:0x00020000 x15:0x00000030 PA:0x00020000 store:0x00000030
            992	       492	001000ba	177d	c.addi	x14,-1	 x14:0x00000005 x14=0x00000004
            994	       493	001000bc	0512	c.slli	x10,0x4	 x10:0x0001e000 x10=0x001e0000
            996	       494	001000be	f77d	c.bnez	x14,1000ac	 x14:0x00000004
           1000	       496	001000ac	01c55793	srli	x15,x10,0x1c	 x10:0x001e0000 x15=0x00000000
           1002	       497	001000b0	00f66963	bltu	x12,x15,1000c2	 x12:0x00000009 x15:0x00000000
           1004	       498	001000b4	03078793	addi	x15,x15,48	 x15:0x00000000 x15=0x00000030
           1006	       499	001000b8	c29c	c.sw	x15,0(x13)	 x13:0x00020000 x15:0x00000030 PA:0x00020000 store:0x00000030
           1008	       500	001000ba	177d	c.addi	x14,-1	 x14:0x00000004 x14=0x00000003
           1010	       501	001000bc	0512	c.slli	x10,0x4	 x10:0x001e0000 x10=0x01e00000
           1012	       502	001000be	f77d	c.bnez	x14,1000ac	 x14:0x00000003
           1016	       504	001000ac	01c55793	srli	x15,x10,0x1c	 x10:0x01e00000 x15=0x00000000
           1018	       505	001000b0	00f66963	bltu	x12,x15,1000c2	 x12:0x00000009 x15:0x00000000
           1020	       506	001000b4	03078793	addi	x15,x15,48	 x15:0x00000000 x15=0x00000030
           1022	       507	001000b8	c29c	c.sw	x15,0(x13)	 x13:0x00020000 x15:0x00000030 PA:0x00020000 store:0x00000030
           1024	       508	001000ba	177d	c.addi	x14,-1	 x14:0x00000003 x14=0x00000002
           1026	       509	001000bc	0512	c.slli	x10,0x4	 x10:0x01e00000 x10=0x1e000000
           1028	       510	001000be	f77d	c.bnez	x14,1000ac	 x14:0x00000002
           1032	       512	001000ac	01c55793	srli	x15,x10,0x1c	 x10:0x1e000000 x15=0x00000001
           1034	       513	001000b0	00f66963	bltu	x12,x15,1000c2	 x12:0x00000009 x15:0x00000001
           1036	       514	001000b4	03078793	addi	x15,x15,48	 x15:0x00000001 x15=0x00000031
           1038	       515	001000b8	c29c	c.sw	x15,0(x13)	 x13:0x00020000 x15:0x00000031 PA:0x00020000 store:0x00000031
           1040	       516	001000ba	177d	c.addi	x14,-1	 x14:0x00000002 x14=0x00000001
           1042	       517	001000bc	0512	c.slli	x10,0x4	 x10:0x1e000000 x10=0xe0000000
           1044	       518	001000be	f77d	c.bnez	x14,1000ac	 x14:0x00000001
           1048	       520	001000ac	01c55793	srli	x15,x10,0x1c	 x10:0xe0000000 x15=0x0000000e
           1050	       521	001000b0	00f66963	bltu	x12,x15,1000c2	 x12:0x00000009 x15:0x0000000e
           1056	       524	001000c2	03778793	addi	x15,x15,55	 x15:0x0000000e x15=0x00000045
           1058	       525	001000c6	bfcd	c.j	1000b8	
           1062	       527	001000b8	c29c	c.sw	x15,0(x13)	 x13:0x00020000 x15:0x00000045 PA:0x00020000 store:0x00000045
           1064	       528	001000ba	177d	c.addi	x14,-1	 x14:0x00000001 x14=0x00000000
           1066	       529	001000bc	0512	c.slli	x10,0x4	 x10:0xe0000000 x10=0x00000000
           1068	       530	001000be	f77d	c.bnez	x14,1000ac	 x14:0x00000000
           1070	       531	001000c0	8082	c.jr	x1	  x1:0x00100400
           1074	       533	00100400	4529	c.li	x10,10	 x10=0x0000000a
           1076	       534	00100402	3149	c.jal	100084	  x1=0x00100404
           1080	       536	00100084	0ff57793	andi	x15,x10,255	 x10:0x0000000a x15=0x0000000a
           1082	       537	00100088	00020737	lui	x14,0x20	 x14=0x00020000
           1084	       538	0010008c	c31c	c.sw	x15,0(x14)	 x14:0x00020000 x15:0x0000000a PA:0x00020000 store:0x0000000a
           1086	       539	0010008e	8082	c.jr	x1	  x1:0x00100404
           1090	       541	00100404	47f9	c.li	x15,30	 x15=0x0000001e
           1092	       542	00100406	00000517	auipc	x10,0x0	 x10=0x00100406
           1094	       543	0010040a	08250513	addi	x10,x10,130	 x10:0x00100406 x10=0x00100488
           1096	       544	0010040e	00f40663	beq	x8,x15,10041a	  x8:0x0000001e x15:0x0000001e
           1100	       546	0010041a	399d	c.jal	100090	  x1=0x0010041c
           1104	       548	00100090	00020737	lui	x14,0x20	 x14=0x00020000
           1106	       549	00100094	00054783	lbu	x15,0(x10)	 x10:0x00100488 x15=0x00000050 PA:0x00100488 load:0x00000050
           1110	       551	00100098	e399	c.bnez	x15,10009e	 x15:0x00000050
           1114	       553	0010009e	0505	c.addi	x10,1	 x10:0x00100488 x10=0x00100489
           1116	       554	001000a0	c31c	c.sw	x15,0(x14)	 x14:0x00020000 x15:0x00000050 PA:0x00020000 store:0x00000050
           1118	       555	001000a2	bfcd	c.j	100094	
           1122	       557	00100094	00054783	lbu	x15,0(x10)	 x10:0x00100489 x15=0x00000041 PA:0x00100489 load:0x00000041
           1126	       559	00100098	e399	c.bnez	x15,10009e	 x15:0x00000041
           1130	       561	0010009e	0505	c.addi	x10,1	 x10:0x00100489 x10=0x0010048a
           1132	       562	001000a0	c31c	c.sw	x15,0(x14)	 x14:0x00020000 x15:0x00000041 PA:0x00020000 store:0x00000041
           1134	       563	001000a2	bfcd	c.j	100094	
           1138	       565	00100094	00054783	lbu	x15,0(x10)	 x10:0x0010048a x15=0x00000053 PA:0x0010048a load:0x00000053
           1142	       567	00100098	e399	c.bnez	x15,10009e	 x15:0x00000053
           1146	       569	0010009e	0505	c.addi	x10,1	 x10:0x0010048a x10=0x0010048b
           1148	       570	001000a0	c31c	c.sw	x15,0(x14)	 x14:0x00020000 x15:0x00000053 PA:0x00020000 store:0x00000053
           1150	       571	001000a2	bfcd	c.j	100094	
           1154	       573	00100094	00054783	lbu	x15,0(x10)	 x10:0x0010048b x15=0x00000053 PA:0x0010048b load:0x00000053
           1158	       575	00100098	e399	c.bnez	x15,10009e	 x15:0x00000053
           1162	       577	0010009e	0505	c.addi	x10,1	 x10:0x0010048b x10=0x0010048c
           1164	       578	001000a0	c31c	c.sw	x15,0(x14)	 x14:0x00020000 x15:0x00000053 PA:0x00020000 store:0x00000053
           1166	       579	001000a2	bfcd	c.j	100094	
           1170	       581	00100094	00054783	lbu	x15,0(x10)	 x10:0x0010048c x15=0x0000000a PA:0x0010048c load:0x0000000a
           1174	       583	00100098	e399	c.bnez	x15,10009e	 x15:0x0000000a
           1178	       585	0010009e	0505	c.addi	x10,1	 x10:0x0010048c x10=0x0010048d
           1180	       586	001000a0	c31c	c.sw	x15,0(x14)	 x14:0x00020000 x15:0x0000000a PA:0x00020000 store:0x0000000a
           1182	       587	001000a2	bfcd	c.j	100094	
           1186	       589	00100094	00054783	lbu	x15,0(x10)	 x10:0x0010048d x15=0x00000000 PA:0x0010048d load:0x00000000
           1190	       591	00100098	e399	c.bnez	x15,10009e	 x15:0x00000000
           1192	       592	0010009a	4501	c.li	x10,0	 x10=0x00000000
           1194	       593	0010009c	8082	c.jr	x1	  x1:0x0010041c
           1198	       595	0010041c	57fd	c.li	x15,-1	 x15=0xffffffff
           1200	       596	0010041e	32079073	csrrw	x0,mcountinhibit,x15	 x15:0xffffffff  x0=0x00000000
           1206	       599	00100422	40f2	c.lwsp	x1,28(x2)	  x2:0x00137fe0  x1=0x001003b4 PA:0x00137ffc load:0x001003b4
           1208	       600	00100424	4462	c.lwsp	x8,24(x2)	  x2:0x00137fe0  x8=0x00000000 PA:0x00137ff8 load:0x00000000
           1210	       601	00100426	4501	c.li	x10,0	 x10=0x00000000
           1212	       602	00100428	6105	c.addi16sp	x2,32	  x2:0x00137fe0  x2=0x00138000
           1214	       603	0010042a	8082	c.jr	x1	  x1:0x001003b4
           1218	       605	001003b4	000202b7	lui	x5,0x20	  x5=0x00020000
           1220	       606	001003b8	02a1	c.addi	x5,8	  x5:0x00020000  x5=0x00020008
           1222	       607	001003ba	4305	c.li	x6,1	  x6=0x00000001
           1224	       608	001003bc	0062a023	sw	x6,0(x5)	  x5:0x00020008  x6:0x00000001 PA:0x00020008 store:0x00000001
